-encoding
UTF-8
-outxml
-source
1.6
-target
1.6
-classpath
C:\Users\Marinela\.m2\repository\junit\junit\4.11\junit-4.11.jar;C:\Users\Marinela\.m2\repository\log4j\log4j\1.2.17\log4j-1.2.17.jar;C:\Users\Marinela\.m2\repository\org\slf4j\slf4j-api\1.7.5\slf4j-api-1.7.5.jar;C:\Users\Marinela\.m2\repository\org\slf4j\jcl-over-slf4j\1.7.5\jcl-over-slf4j-1.7.5.jar;C:\Users\Marinela\.m2\repository\org\slf4j\slf4j-log4j12\1.7.5\slf4j-log4j12-1.7.5.jar;C:\Users\Marinela\.m2\repository\org\aspectj\aspectjrt\1.7.4\aspectjrt-1.7.4.jar;C:\Users\Marinela\.m2\repository\org\aspectj\aspectjweaver\1.7.4\aspectjweaver-1.7.4.jar;C:\Users\Marinela\.m2\repository\javax\servlet\servlet-api\2.5\servlet-api-2.5.jar;C:\Users\Marinela\.m2\repository\net\sf\flexjson\flexjson\2.1\flexjson-2.1.jar;C:\Users\Marinela\.m2\repository\org\apache\commons\commons-lang3\3.1\commons-lang3-3.1.jar;C:\Users\Marinela\.m2\repository\org\springframework\roo\org.springframework.roo.annotations\1.2.5.RELEASE\org.springframework.roo.annotations-1.2.5.RELEASE.jar;C:\Users\Marinela\.m2\repository\org\springframework\spring-core\3.2.6.RELEASE\spring-core-3.2.6.RELEASE.jar;C:\Users\Marinela\.m2\repository\org\springframework\spring-test\3.2.6.RELEASE\spring-test-3.2.6.RELEASE.jar;C:\Users\Marinela\.m2\repository\org\springframework\spring-context\3.2.6.RELEASE\spring-context-3.2.6.RELEASE.jar;C:\Users\Marinela\.m2\repository\org\springframework\spring-aop\3.2.6.RELEASE\spring-aop-3.2.6.RELEASE.jar;C:\Users\Marinela\.m2\repository\org\springframework\spring-aspects\3.2.6.RELEASE\spring-aspects-3.2.6.RELEASE.jar;C:\Users\Marinela\.m2\repository\mysql\mysql-connector-java\5.1.18\mysql-connector-java-5.1.18.jar;C:\Users\Marinela\.m2\repository\org\hibernate\hibernate-core\4.2.2.Final\hibernate-core-4.2.2.Final.jar;C:\Users\Marinela\.m2\repository\org\hibernate\hibernate-entitymanager\4.2.2.Final\hibernate-entitymanager-4.2.2.Final.jar;C:\Users\Marinela\.m2\repository\org\hibernate\javax\persistence\hibernate-jpa-2.0-api\1.0.1.Final\hibernate-jpa-2.0-api-1.0.1.Final.jar;C:\Users\Marinela\.m2\repository\commons-collections\commons-collections\3.2.1\commons-collections-3.2.1.jar;C:\Users\Marinela\.m2\repository\org\hibernate\hibernate-validator\4.3.1.Final\hibernate-validator-4.3.1.Final.jar;C:\Users\Marinela\.m2\repository\javax\validation\validation-api\1.0.0.GA\validation-api-1.0.0.GA.jar;C:\Users\Marinela\.m2\repository\javax\transaction\jta\1.1\jta-1.1.jar;C:\Users\Marinela\.m2\repository\org\springframework\spring-jdbc\3.2.6.RELEASE\spring-jdbc-3.2.6.RELEASE.jar;C:\Users\Marinela\.m2\repository\org\springframework\spring-orm\3.2.6.RELEASE\spring-orm-3.2.6.RELEASE.jar;C:\Users\Marinela\.m2\repository\commons-pool\commons-pool\1.5.6\commons-pool-1.5.6.jar;C:\Users\Marinela\.m2\repository\commons-dbcp\commons-dbcp\1.4\commons-dbcp-1.4.jar;C:\Users\Marinela\.m2\repository\org\springframework\spring-webmvc\3.2.6.RELEASE\spring-webmvc-3.2.6.RELEASE.jar;C:\Users\Marinela\.m2\repository\org\springframework\webflow\spring-js-resources\2.2.1.RELEASE\spring-js-resources-2.2.1.RELEASE.jar;C:\Users\Marinela\.m2\repository\commons-digester\commons-digester\2.1\commons-digester-2.1.jar;C:\Users\Marinela\.m2\repository\commons-fileupload\commons-fileupload\1.2.2\commons-fileupload-1.2.2.jar;C:\Users\Marinela\.m2\repository\javax\servlet\jsp\jstl\jstl-api\1.2\jstl-api-1.2.jar;C:\Users\Marinela\.m2\repository\org\glassfish\web\jstl-impl\1.2\jstl-impl-1.2.jar;C:\Users\Marinela\.m2\repository\javax\el\el-api\2.2\el-api-2.2.jar;C:\Users\Marinela\.m2\repository\joda-time\joda-time\1.6\joda-time-1.6.jar;C:\Users\Marinela\.m2\repository\javax\servlet\jsp\jsp-api\2.1\jsp-api-2.1.jar;C:\Users\Marinela\.m2\repository\commons-codec\commons-codec\1.5\commons-codec-1.5.jar;C:\Users\Marinela\.m2\repository\com\mysema\querydsl\querydsl-core\3.3.4\querydsl-core-3.3.4.jar;C:\Users\Marinela\.m2\repository\com\mysema\querydsl\querydsl-jpa\3.3.4\querydsl-jpa-3.3.4.jar;C:\Users\Marinela\.m2\repository\com\mysema\querydsl\querydsl-apt\3.3.4\querydsl-apt-3.3.4.jar;C:\Users\Marinela\.m2\repository\org\apache\tiles\tiles-jsp\2.2.2\tiles-jsp-2.2.2.jar;C:\Users\Marinela\.m2\repository\org\springframework\data\spring-data-jpa\1.6.0.RELEASE\spring-data-jpa-1.6.0.RELEASE.jar;C:\Users\Marinela\.m2\repository\org\springframework\security\spring-security-core\3.1.0.RELEASE\spring-security-core-3.1.0.RELEASE.jar;C:\Users\Marinela\.m2\repository\org\springframework\security\spring-security-config\3.1.0.RELEASE\spring-security-config-3.1.0.RELEASE.jar;C:\Users\Marinela\.m2\repository\org\springframework\security\spring-security-web\3.1.0.RELEASE\spring-security-web-3.1.0.RELEASE.jar;C:\Users\Marinela\.m2\repository\org\springframework\security\spring-security-taglibs\3.1.0.RELEASE\spring-security-taglibs-3.1.0.RELEASE.jar;C:\Users\Marinela\.m2\repository\commons-io\commons-io\2.4\commons-io-2.4.jar;C:\Users\Marinela\.m2\repository\org\springframework\spring-beans\3.2.6.RELEASE\spring-beans-3.2.6.RELEASE.jar;C:\Users\Marinela\.m2\repository\org\springframework\spring-expression\3.2.6.RELEASE\spring-expression-3.2.6.RELEASE.jar;C:\Users\Marinela\.m2\repository\aopalliance\aopalliance\1.0\aopalliance-1.0.jar;C:\Users\Marinela\.m2\repository\org\springframework\spring-context-support\3.2.6.RELEASE\spring-context-support-3.2.6.RELEASE.jar;C:\Users\Marinela\.m2\repository\antlr\antlr\2.7.7\antlr-2.7.7.jar;C:\Users\Marinela\.m2\repository\org\jboss\logging\jboss-logging\3.1.0.GA\jboss-logging-3.1.0.GA.jar;C:\Users\Marinela\.m2\repository\dom4j\dom4j\1.6.1\dom4j-1.6.1.jar;C:\Users\Marinela\.m2\repository\org\jboss\spec\javax\transaction\jboss-transaction-api_1.1_spec\1.0.1.Final\jboss-transaction-api_1.1_spec-1.0.1.Final.jar;C:\Users\Marinela\.m2\repository\org\hibernate\common\hibernate-commons-annotations\4.0.2.Final\hibernate-commons-annotations-4.0.2.Final.jar;C:\Users\Marinela\.m2\repository\org\javassist\javassist\3.15.0-GA\javassist-3.15.0-GA.jar;C:\Users\Marinela\.m2\repository\org\springframework\spring-tx\3.2.6.RELEASE\spring-tx-3.2.6.RELEASE.jar;C:\Users\Marinela\.m2\repository\org\springframework\spring-web\3.2.6.RELEASE\spring-web-3.2.6.RELEASE.jar;C:\Users\Marinela\.m2\repository\commons-beanutils\commons-beanutils\1.8.3\commons-beanutils-1.8.3.jar;C:\Users\Marinela\.m2\repository\com\google\guava\guava\13.0.1\guava-13.0.1.jar;C:\Users\Marinela\.m2\repository\com\google\code\findbugs\jsr305\1.3.9\jsr305-1.3.9.jar;C:\Users\Marinela\.m2\repository\com\mysema\commons\mysema-commons-lang\0.2.4\mysema-commons-lang-0.2.4.jar;C:\Users\Marinela\.m2\repository\cglib\cglib\2.2.2\cglib-2.2.2.jar;C:\Users\Marinela\.m2\repository\asm\asm\3.3.1\asm-3.3.1.jar;C:\Users\Marinela\.m2\repository\com\infradna\tool\bridge-method-annotation\1.11\bridge-method-annotation-1.11.jar;C:\Users\Marinela\.m2\repository\com\mysema\querydsl\querydsl-codegen\3.3.4\querydsl-codegen-3.3.4.jar;C:\Users\Marinela\.m2\repository\com\mysema\codegen\codegen\0.6.2\codegen-0.6.2.jar;C:\Users\Marinela\.m2\repository\org\eclipse\jdt\core\compiler\ecj\3.7.2\ecj-3.7.2.jar;C:\Users\Marinela\.m2\repository\javax\inject\javax.inject\1\javax.inject-1.jar;C:\Users\Marinela\.m2\repository\org\apache\tiles\tiles-servlet\2.2.2\tiles-servlet-2.2.2.jar;C:\Users\Marinela\.m2\repository\org\apache\tiles\tiles-core\2.2.2\tiles-core-2.2.2.jar;C:\Users\Marinela\.m2\repository\org\apache\tiles\tiles-template\2.2.2\tiles-template-2.2.2.jar;C:\Users\Marinela\.m2\repository\org\apache\tiles\tiles-api\2.2.2\tiles-api-2.2.2.jar;C:\Users\Marinela\.m2\repository\org\springframework\data\spring-data-commons\1.8.0.RELEASE\spring-data-commons-1.8.0.RELEASE.jar;C:\Users\Marinela\.m2\repository\org\springframework\security\spring-security-crypto\3.1.0.RELEASE\spring-security-crypto-3.1.0.RELEASE.jar;C:\Users\Marinela\.m2\repository\org\springframework\security\spring-security-acl\3.1.0.RELEASE\spring-security-acl-3.1.0.RELEASE.jar;D:\workspaces\library\target\classes
-aspectpath
C:\Users\Marinela\.m2\repository\org\springframework\spring-aspects\3.2.6.RELEASE\spring-aspects-3.2.6.RELEASE.jar
-d
D:\workspaces\library\target\classes
D:\workspaces\library\src\main\java\com\disertatie\mylibrary\domain\Author.java
D:\workspaces\library\src\main\java\com\disertatie\mylibrary\domain\Author_Roo_Configurable.aj
D:\workspaces\library\src\main\java\com\disertatie\mylibrary\domain\Author_Roo_DbManaged.aj
D:\workspaces\library\src\main\java\com\disertatie\mylibrary\domain\Author_Roo_Jpa_ActiveRecord.aj
D:\workspaces\library\src\main\java\com\disertatie\mylibrary\domain\Author_Roo_Jpa_Entity.aj
D:\workspaces\library\src\main\java\com\disertatie\mylibrary\domain\Author_Roo_ToString.aj
D:\workspaces\library\src\main\java\com\disertatie\mylibrary\domain\Book.java
D:\workspaces\library\src\main\java\com\disertatie\mylibrary\domain\Category.java
D:\workspaces\library\src\main\java\com\disertatie\mylibrary\domain\Category_Roo_Configurable.aj
D:\workspaces\library\src\main\java\com\disertatie\mylibrary\domain\Category_Roo_DbManaged.aj
D:\workspaces\library\src\main\java\com\disertatie\mylibrary\domain\Category_Roo_Jpa_ActiveRecord.aj
D:\workspaces\library\src\main\java\com\disertatie\mylibrary\domain\Category_Roo_Jpa_Entity.aj
D:\workspaces\library\src\main\java\com\disertatie\mylibrary\domain\Category_Roo_ToString.aj
D:\workspaces\library\src\main\java\com\disertatie\mylibrary\domain\Language.java
D:\workspaces\library\src\main\java\com\disertatie\mylibrary\domain\Language_Roo_Configurable.aj
D:\workspaces\library\src\main\java\com\disertatie\mylibrary\domain\Language_Roo_DbManaged.aj
D:\workspaces\library\src\main\java\com\disertatie\mylibrary\domain\Language_Roo_Jpa_ActiveRecord.aj
D:\workspaces\library\src\main\java\com\disertatie\mylibrary\domain\Language_Roo_Jpa_Entity.aj
D:\workspaces\library\src\main\java\com\disertatie\mylibrary\domain\Language_Roo_ToString.aj
D:\workspaces\library\src\main\java\com\disertatie\mylibrary\domain\Publisher.java
D:\workspaces\library\src\main\java\com\disertatie\mylibrary\domain\Publisher_Roo_Configurable.aj
D:\workspaces\library\src\main\java\com\disertatie\mylibrary\domain\Publisher_Roo_DbManaged.aj
D:\workspaces\library\src\main\java\com\disertatie\mylibrary\domain\Publisher_Roo_Jpa_ActiveRecord.aj
D:\workspaces\library\src\main\java\com\disertatie\mylibrary\domain\Publisher_Roo_Jpa_Entity.aj
D:\workspaces\library\src\main\java\com\disertatie\mylibrary\domain\Publisher_Roo_ToString.aj
D:\workspaces\library\src\main\java\com\disertatie\mylibrary\domain\User.java
D:\workspaces\library\src\main\java\com\disertatie\mylibrary\domain\User_Roo_Configurable.aj
D:\workspaces\library\src\main\java\com\disertatie\mylibrary\domain\User_Roo_DbManaged.aj
D:\workspaces\library\src\main\java\com\disertatie\mylibrary\domain\User_Roo_Jpa_ActiveRecord.aj
D:\workspaces\library\src\main\java\com\disertatie\mylibrary\domain\User_Roo_Jpa_Entity.aj
D:\workspaces\library\src\main\java\com\disertatie\mylibrary\domain\User_Roo_ToString.aj
D:\workspaces\library\src\main\java\com\disertatie\mylibrary\repository\BookRepository.java
D:\workspaces\library\src\main\java\com\disertatie\mylibrary\web\ApplicationConversionServiceFactoryBean.java
D:\workspaces\library\src\main\java\com\disertatie\mylibrary\web\ApplicationConversionServiceFactoryBean_Roo_ConversionService.aj
D:\workspaces\library\src\main\java\com\disertatie\mylibrary\web\AuthorController.java
D:\workspaces\library\src\main\java\com\disertatie\mylibrary\web\AuthorController_Roo_Controller.aj
D:\workspaces\library\src\main\java\com\disertatie\mylibrary\web\BookController.java
D:\workspaces\library\src\main\java\com\disertatie\mylibrary\web\BookSearchController.java
D:\workspaces\library\src\main\java\com\disertatie\mylibrary\web\BookService.java
D:\workspaces\library\src\main\java\com\disertatie\mylibrary\web\CategoryController.java
D:\workspaces\library\src\main\java\com\disertatie\mylibrary\web\CategoryController_Roo_Controller.aj
D:\workspaces\library\src\main\java\com\disertatie\mylibrary\web\LanguageController.java
D:\workspaces\library\src\main\java\com\disertatie\mylibrary\web\LanguageController_Roo_Controller.aj
D:\workspaces\library\src\main\java\com\disertatie\mylibrary\web\PublisherController.java
D:\workspaces\library\src\main\java\com\disertatie\mylibrary\web\PublisherController_Roo_Controller.aj
D:\workspaces\library\src\main\java\com\disertatie\mylibrary\web\UserController.java
D:\workspaces\library\src\main\java\com\disertatie\mylibrary\web\UserController_Roo_Controller.aj
D:\workspaces\library\target\generated-sources\com\disertatie\mylibrary\domain\QBook.java
